<?xml version="1.0" encoding="UTF-8"?>
<!-- Generated by org.testng.reporters.JUnitXMLReporter -->
<testsuite hostname="LAPTOP-BGDGB5BJ" ignored="8" name="Ecommerce Application" tests="9" failures="0" timestamp="2020-09-26T11:32:14 IST" time="256.692" errors="0">
  <testcase name="Verificationoflogin" time="2.067" classname="com.commerce.qa.testcases.Logintest"/>
  <testcase name="verifyaddress" time="33.512" classname="com.commerce.qa.testcases.Addresspagetest"/>
  <testcase name="verifyaddress" time="33.894" classname="com.commerce.qa.testcases.Addresspagetest"/>
  <testcase name="verifyaddress" time="31.632" classname="com.commerce.qa.testcases.Addresspagetest"/>
  <testcase name="verifysearchresults" time="1.996" classname="com.commerce.qa.testcases.SearchpageTest"/>
  <testcase name="Homepagedetails" time="8.384" classname="com.commerce.qa.testcases.TC_Homepage"/>
  <testcase name="Endtoendflow" time="13.931" classname="com.commerce.qa.testcases.TC_Homepage"/>
  <testcase name="Headerverify" time="5.773" classname="com.commerce.qa.testcases.TC_Homepage"/>
  <testcase name="smoketest" time="35.246" classname="com.commerce.qa.testcases.TC_Smoke"/>
  <testcase name="@AfterTest onFinish" time="0.0" classname="com.commerce.qa.base.Baseclass">
    <ignored/>
  </testcase> <!-- @AfterTest onFinish -->
  <testcase name="@AfterTest onFinish" time="0.0" classname="com.commerce.qa.base.Baseclass">
    <ignored/>
  </testcase> <!-- @AfterTest onFinish -->
  <testcase name="@AfterTest onFinish" time="0.0" classname="com.commerce.qa.base.Baseclass">
    <ignored/>
  </testcase> <!-- @AfterTest onFinish -->
  <testcase name="@AfterTest onFinish" time="0.0" classname="com.commerce.qa.base.Baseclass">
    <ignored/>
  </testcase> <!-- @AfterTest onFinish -->
  <testcase name="@BeforeTest config" time="0.0" classname="com.commerce.qa.base.Baseclass">
    <ignored/>
  </testcase> <!-- @BeforeTest config -->
  <testcase name="@BeforeTest config" time="0.0" classname="com.commerce.qa.base.Baseclass">
    <ignored/>
  </testcase> <!-- @BeforeTest config -->
  <testcase name="@BeforeTest config" time="0.0" classname="com.commerce.qa.base.Baseclass">
    <ignored/>
  </testcase> <!-- @BeforeTest config -->
  <testcase name="@BeforeTest config" time="0.0" classname="com.commerce.qa.base.Baseclass">
    <ignored/>
  </testcase> <!-- @BeforeTest config -->
</testsuite> <!-- Ecommerce Application -->
