<?xml version="1.0" encoding="UTF-8"?>
<!-- Generated by org.testng.reporters.JUnitXMLReporter -->
<testsuite hostname="LAPTOP-BGDGB5BJ" ignored="10" name="Ecommerce Application" tests="10" failures="0" timestamp="2020-10-04T11:09:29 IST" time="356.39" errors="0">
  <testcase name="verifyaddress" time="39.853" classname="com.commerce.qa.testcases.Addresspagetest"/>
  <testcase name="verifyaddress" time="35.043" classname="com.commerce.qa.testcases.Addresspagetest"/>
  <testcase name="verifyaddress" time="32.454" classname="com.commerce.qa.testcases.Addresspagetest"/>
  <testcase name="verifysearchresults" time="2.539" classname="com.commerce.qa.testcases.SearchpageTest"/>
  <testcase name="Homepagedetails" time="10.665" classname="com.commerce.qa.testcases.TC_Homepage"/>
  <testcase name="Endtoendflow" time="16.353" classname="com.commerce.qa.testcases.TC_Homepage"/>
  <testcase name="Headerverify" time="4.69" classname="com.commerce.qa.testcases.TC_Homepage"/>
  <testcase name="verifycoupon" time="12.383" classname="com.commerce.qa.testcases.Cartpagetest"/>
  <testcase name="VerifyWishlistpage" time="21.91" classname="com.commerce.qa.testcases.Wishlistpagetest"/>
  <testcase name="smoketest" time="42.57" classname="com.commerce.qa.testcases.TC_Smoke"/>
  <testcase name="@AfterTest onFinish" time="0.0" classname="com.commerce.qa.base.Baseclass">
    <ignored/>
  </testcase> <!-- @AfterTest onFinish -->
  <testcase name="@AfterTest onFinish" time="0.0" classname="com.commerce.qa.base.Baseclass">
    <ignored/>
  </testcase> <!-- @AfterTest onFinish -->
  <testcase name="@AfterTest onFinish" time="0.0" classname="com.commerce.qa.base.Baseclass">
    <ignored/>
  </testcase> <!-- @AfterTest onFinish -->
  <testcase name="@AfterTest onFinish" time="0.0" classname="com.commerce.qa.base.Baseclass">
    <ignored/>
  </testcase> <!-- @AfterTest onFinish -->
  <testcase name="@AfterTest onFinish" time="0.0" classname="com.commerce.qa.base.Baseclass">
    <ignored/>
  </testcase> <!-- @AfterTest onFinish -->
  <testcase name="@BeforeTest config" time="0.0" classname="com.commerce.qa.base.Baseclass">
    <ignored/>
  </testcase> <!-- @BeforeTest config -->
  <testcase name="@BeforeTest config" time="0.0" classname="com.commerce.qa.base.Baseclass">
    <ignored/>
  </testcase> <!-- @BeforeTest config -->
  <testcase name="@BeforeTest config" time="0.0" classname="com.commerce.qa.base.Baseclass">
    <ignored/>
  </testcase> <!-- @BeforeTest config -->
  <testcase name="@BeforeTest config" time="0.0" classname="com.commerce.qa.base.Baseclass">
    <ignored/>
  </testcase> <!-- @BeforeTest config -->
  <testcase name="@BeforeTest config" time="0.0" classname="com.commerce.qa.base.Baseclass">
    <ignored/>
  </testcase> <!-- @BeforeTest config -->
</testsuite> <!-- Ecommerce Application -->
