<?xml version="1.0" encoding="UTF-8"?>
<!-- Generated by org.testng.reporters.JUnitXMLReporter -->
<testsuite hostname="LAPTOP-BGDGB5BJ" ignored="2" name="Command line test" tests="2" failures="0" timestamp="2020-09-27T09:50:43 IST" time="82.497" errors="0">
  <testcase name="Verificationoflogin" time="1.479" classname="com.commerce.qa.testcases.Logintest"/>
  <testcase name="smoketest" time="48.749" classname="com.commerce.qa.testcases.TC_Smoke"/>
  <testcase name="@AfterTest onFinish" time="0.0" classname="com.commerce.qa.base.Baseclass">
    <ignored/>
  </testcase> <!-- @AfterTest onFinish -->
  <testcase name="@BeforeTest config" time="0.0" classname="com.commerce.qa.base.Baseclass">
    <ignored/>
  </testcase> <!-- @BeforeTest config -->
</testsuite> <!-- Command line test -->
